<?xml version="1.0" encoding="UTF-8"?>
<!-- Generated by org.testng.reporters.JUnitXMLReporter -->
<testsuite ignored="0" hostname="DESKTOP-LFLEAI7" failures="0" tests="3" name="LibraryTest" time="2.832" errors="0" timestamp="2023-10-06T15:39:26 IST">
  <testcase classname="api.test.LibraryTests" name="postAddBookTest" time="1.941"/>
  <testcase classname="api.test.LibraryTests" name="postGetBook" time="0.142"/>
  <testcase classname="api.test.LibraryTests" name="postDeleteBook" time="0.131"/>
</testsuite> <!-- LibraryTest -->
