<?xml version="1.0" encoding="UTF-8"?>
<!-- Generated by org.testng.reporters.JUnitXMLReporter -->
<testsuite ignored="0" hostname="DESKTOP-LFLEAI7" failures="0" tests="9" name="Surefire test" time="7.125" errors="0" timestamp="2023-10-06T16:19:58 IST">
  <testcase classname="api.test.DDTests" name="postSetUpData" time="0.002"/>
  <testcase classname="api.test.DDTests" name="postSetUpData" time="0.0"/>
  <testcase classname="api.test.DDTests" name="postSetUpData" time="0.0"/>
  <testcase classname="api.test.DDTests" name="postSetUpData" time="0.0"/>
  <testcase classname="api.test.DDTests" name="postGetBook" time="2.62"/>
  <testcase classname="api.test.DDTests" name="postDeleteBook" time="0.487"/>
  <testcase classname="api.test.LibraryTests" name="postAddBookTest" time="1.235"/>
  <testcase classname="api.test.LibraryTests" name="postGetBook" time="0.166"/>
  <testcase classname="api.test.LibraryTests" name="postDeleteBook" time="0.151"/>
</testsuite> <!-- Surefire test -->
