<?xml version="1.0" encoding="UTF-8"?>
<!-- Generated by org.testng.reporters.JUnitXMLReporter -->
<testsuite ignored="0" hostname="DESKTOP-LFLEAI7" failures="0" tests="6" name="Default test" time="4.099" errors="0" timestamp="2023-10-05T17:17:21 IST">
  <testcase classname="api.test.DDTests" name="postSetUpData" time="0.012"/>
  <testcase classname="api.test.DDTests" name="postSetUpData" time="0.001"/>
  <testcase classname="api.test.DDTests" name="postSetUpData" time="0.0"/>
  <testcase classname="api.test.DDTests" name="postSetUpData" time="0.002"/>
  <testcase classname="api.test.DDTests" name="postGetBook" time="2.319"/>
  <testcase classname="api.test.DDTests" name="postDeleteBook" time="0.352"/>
</testsuite> <!-- Default test -->
