<?xml version="1.0" encoding="UTF-8"?>
<testsuite xmlns:xsi="http://www.w3.org/2001/XMLSchema-instance" xsi:noNamespaceSchemaLocation="https://maven.apache.org/surefire/maven-surefire-plugin/xsd/surefire-test-report.xsd" name="TestSuite" time="7.656" tests="9" errors="0" skipped="0" failures="0">
  <properties>
[...]
</properties>
  <testcase name="postSetUpData" classname="api.test.DDTests" time="0.006"/>
  <testcase name="postSetUpData" classname="api.test.DDTests" time="0"/>
  <testcase name="postSetUpData" classname="api.test.DDTests" time="0"/>
  <testcase name="postSetUpData" classname="api.test.DDTests" time="0"/>
  <testcase name="postGetBook" classname="api.test.DDTests" time="2.623"/>
  <testcase name="postDeleteBook" classname="api.test.DDTests" time="0.487"/>
  <testcase name="postAddBookTest" classname="api.test.LibraryTests" time="1.235"/>
  <testcase name="postGetBook" classname="api.test.LibraryTests" time="0.167"/>
  <testcase name="postDeleteBook" classname="api.test.LibraryTests" time="0.151"/>
</testsuite>