<?xml version="1.0" encoding="UTF-8"?>
<testng-results ignored="0" total="3" passed="3" failed="0" skipped="0">
  <reporter-output>
  </reporter-output>
  <suite started-at="2023-10-06T15:39:23 IST" name="LibrarySuite" finished-at="2023-10-06T15:39:26 IST" duration-ms="2832">
    <groups>
    </groups>
    <test started-at="2023-10-06T15:39:23 IST" name="LibraryTest" finished-at="2023-10-06T15:39:26 IST" duration-ms="2832">
      <class name="api.test.LibraryTests">
        <test-method is-config="true" signature="setupData()[pri:0, instance:api.test.LibraryTests@56cdfb3b]" started-at="2023-10-06T15:39:23 IST" name="setupData" finished-at="2023-10-06T15:39:24 IST" duration-ms="375" status="PASS">
          <reporter-output>
          </reporter-output>
        </test-method> <!-- setupData -->
        <test-method signature="postAddBookTest()[pri:1, instance:api.test.LibraryTests@56cdfb3b]" started-at="2023-10-06T15:39:24 IST" name="postAddBookTest" finished-at="2023-10-06T15:39:26 IST" duration-ms="1941" status="PASS">
          <reporter-output>
          </reporter-output>
        </test-method> <!-- postAddBookTest -->
        <test-method signature="postGetBook()[pri:2, instance:api.test.LibraryTests@56cdfb3b]" started-at="2023-10-06T15:39:26 IST" name="postGetBook" finished-at="2023-10-06T15:39:26 IST" duration-ms="142" status="PASS">
          <reporter-output>
          </reporter-output>
        </test-method> <!-- postGetBook -->
        <test-method signature="postDeleteBook()[pri:3, instance:api.test.LibraryTests@56cdfb3b]" started-at="2023-10-06T15:39:26 IST" name="postDeleteBook" finished-at="2023-10-06T15:39:26 IST" duration-ms="131" status="PASS">
          <reporter-output>
          </reporter-output>
        </test-method> <!-- postDeleteBook -->
      </class> <!-- api.test.LibraryTests -->
    </test> <!-- LibraryTest -->
  </suite> <!-- LibrarySuite -->
</testng-results>
